[0mGET / [32m200[0m 19.814 ms - 1268[0m
[0mGET /static/css/main.fed19631.css [32m200[0m 4.278 ms - 29350[0m
[0mGET /static/js/main.5da45cb9.js [32m200[0m 2.995 ms - 476095[0m
[0mGET /ic_launcher.png [32m200[0m 14.487 ms - 117946[0m
[0mGET /manifest.json [32m200[0m 2.856 ms - 492[0m
[0mGET /logo192.png [32m200[0m 2.885 ms - 5347[0m
[0mGET /static/css/main.fed19631.css [36m304[0m 2.761 ms - -[0m
[0mGET /manifest.json [36m304[0m 1.589 ms - -[0m
[0mGET /static/js/main.5da45cb9.js.map [32m200[0m 4.303 ms - 2169554[0m
[0mGET /static/css/main.fed19631.css.map [32m200[0m 2.693 ms - 70072[0m
[0mGET / [36m304[0m 1.505 ms - -[0m
[0mGET /static/js/main.5da45cb9.js [36m304[0m 1.318 ms - -[0m
[0mGET /static/css/main.fed19631.css [36m304[0m 1.532 ms - -[0m
[0mGET /static/css/main.fed19631.css.map [36m304[0m 2.092 ms - -[0m
[0mGET /static/js/main.5da45cb9.js.map [36m304[0m 1.089 ms - -[0m
[0mGET /manifest.json [36m304[0m 3.483 ms - -[0m
[0mGET /ic_launcher.png [36m304[0m 13.063 ms - -[0m
[0mGET /logo192.png [36m304[0m 1.524 ms - -[0m
[0mGET /static/js/3452.f42ad83e.chunk.js [32m200[0m 5.038 ms - 23266[0m
[0mGET /static/js/7256.db766065.chunk.js [32m200[0m 3.722 ms - 12906[0m
[0mGET /static/js/9364.881dee8d.chunk.js [32m200[0m 3.049 ms - 9472[0m
[0mGET /static/js/5832.36f9eccc.chunk.js [32m200[0m 7.798 ms - 283315[0m
[0mGET /static/js/2440.5edb8dd1.chunk.js [32m200[0m 15.390 ms - 1576[0m
[0mGET /static/js/4768.f3ca53a4.chunk.js [32m200[0m 16.231 ms - 217863[0m
[0mGET /static/js/6120.60ca8fb9.chunk.js [32m200[0m 51.505 ms - 11356[0m
[0mGET /static/js/7060.e5e8a686.chunk.js [32m200[0m 2.547 ms - 29454[0m
[0mGET /static/js/3452.f42ad83e.chunk.js.map [32m200[0m 2.376 ms - 50644[0m
[0mGET /static/js/7256.db766065.chunk.js.map [32m200[0m 2.494 ms - 59544[0m
[0mGET /static/js/2440.5edb8dd1.chunk.js.map [32m200[0m 4.693 ms - 543841[0m
[0mGET /static/js/4768.f3ca53a4.chunk.js.map [32m200[0m 3.900 ms - 1015343[0m
[0mGET /static/js/7060.e5e8a686.chunk.js.map [32m200[0m 5.547 ms - 88547[0m
[0mGET /static/js/9364.881dee8d.chunk.js.map [32m200[0m 48.747 ms - 2945297[0m
[0mGET /static/js/5832.36f9eccc.chunk.js.map [32m200[0m 5.121 ms - 1398153[0m
[0mGET /static/js/6120.60ca8fb9.chunk.js.map [32m200[0m 13.506 ms - 13198849[0m
[0mGET /static/js/2635.4966ac58.chunk.js [32m200[0m 11.240 ms - 82617[0m
[0mGET /static/js/7048.fcdc8d31.chunk.js [32m200[0m 74.866 ms - 9691[0m
[0mGET /userControl/ic_launcher.png [32m200[0m 78.857 ms - 1268[0m
[0mGET /static/js/7048.fcdc8d31.chunk.js.map [32m200[0m 2.160 ms - 41542[0m
[0mGET /static/js/2635.4966ac58.chunk.js.map [32m200[0m 5.490 ms - 356998[0m
